2021-12-29 21:22:34 DEBUG MainRestController:36 - getting all users
2021-12-29 21:22:35 INFO  AspectLogger:22 - getUsers called...
2021-12-29 21:22:48 DEBUG MainRestController:50 - try to login user
2021-12-29 21:22:48 INFO  AspectLogger:22 - loginUser called...
2021-12-29 21:22:48 DEBUG MainRestController:36 - getting all users
2021-12-29 21:22:48 INFO  AspectLogger:22 - getUsers called...
2021-12-29 21:22:48 INFO  AspectLogger:22 - isAuthorized called...
2021-12-29 21:22:49 INFO  AspectLogger:22 - getUser called...
2021-12-29 21:22:49 INFO  AspectLogger:30 - getAllScootersForUser called...
2021-12-29 21:22:49 INFO  AspectLogger:22 - getUser called...
2021-12-29 21:22:49 INFO  AspectLogger:38 - getAllByUserId called...
2021-12-29 21:22:58 DEBUG MainRestController:36 - getting all users
2021-12-29 21:22:58 INFO  AspectLogger:22 - getUsers called...
2021-12-29 21:23:12 DEBUG MainRestController:50 - try to login user
2021-12-29 21:23:12 INFO  AspectLogger:22 - loginUser called...
2021-12-29 21:23:13 DEBUG MainRestController:36 - getting all users
2021-12-29 21:23:13 INFO  AspectLogger:22 - getUsers called...
2021-12-29 21:23:13 INFO  AspectLogger:22 - isAuthorized called...
2021-12-29 21:23:13 INFO  AspectLogger:22 - getUser called...
2021-12-29 21:23:13 INFO  AspectLogger:30 - getAllScootersForAdmin called...
2021-12-29 21:23:13 INFO  AspectLogger:38 - getAllByScooterExpirationDateLessThan called...
2021-12-29 21:23:36 DEBUG MainRestController:36 - getting all users
2021-12-29 21:23:37 INFO  AspectLogger:22 - getUsers called...
2021-12-29 21:23:48 DEBUG MainRestController:74 - try to register user
2021-12-29 21:23:48 INFO  AspectLogger:22 - registerUser called...
2021-12-29 21:24:05 DEBUG MainRestController:74 - try to register user
2021-12-29 21:24:05 INFO  AspectLogger:22 - registerUser called...
2021-12-29 21:35:09 DEBUG MainRestController:36 - getting all users
2021-12-29 21:35:09 INFO  AspectLogger:22 - getUsers called...
2021-12-29 21:35:30 DEBUG MainRestController:74 - try to register user
2021-12-29 21:35:30 INFO  AspectLogger:22 - registerUser called...
2021-12-29 21:37:03 DEBUG MainRestController:74 - try to register user
2021-12-29 21:37:03 INFO  AspectLogger:22 - registerUser called...
2021-12-29 21:37:13 DEBUG MainRestController:74 - try to register user
2021-12-29 21:37:13 INFO  AspectLogger:22 - registerUser called...
2021-12-29 21:41:04 DEBUG MainRestController:36 - getting all users
2021-12-29 21:41:04 INFO  AspectLogger:22 - getUsers called...
2021-12-29 21:41:32 DEBUG MainRestController:74 - try to register user
2021-12-29 21:41:32 INFO  AspectLogger:22 - registerUser called...
2021-12-29 21:42:30 DEBUG MainRestController:74 - try to register user
2021-12-29 21:42:30 INFO  AspectLogger:22 - registerUser called...
2021-12-29 21:42:34 DEBUG MainRestController:74 - try to register user
2021-12-29 21:42:34 INFO  AspectLogger:22 - registerUser called...
2021-12-29 22:44:34 DEBUG MainRestController:36 - getting all users
2021-12-29 22:44:34 INFO  AspectLogger:22 - getUsers called...
2021-12-29 22:44:50 DEBUG MainRestController:74 - try to register user
2021-12-29 22:44:50 INFO  AspectLogger:22 - registerUser called...
2021-12-29 22:49:44 DEBUG MainRestController:74 - try to register user
2021-12-29 22:49:44 INFO  AspectLogger:22 - registerUser called...
2021-12-29 22:52:43 DEBUG MainRestController:36 - getting all users
2021-12-29 22:52:43 INFO  AspectLogger:22 - getUsers called...
2021-12-29 22:53:09 DEBUG MainRestController:74 - try to register user
2021-12-29 22:53:09 INFO  AspectLogger:22 - registerUser called...
2021-12-29 22:53:43 DEBUG MainRestController:74 - try to register user
2021-12-29 22:53:43 INFO  AspectLogger:22 - registerUser called...
2021-12-29 22:54:05 DEBUG MainRestController:74 - try to register user
2021-12-29 22:54:05 INFO  AspectLogger:22 - registerUser called...
2021-12-29 23:02:15 DEBUG MainRestController:36 - getting all users
2021-12-29 23:02:15 INFO  AspectLogger:22 - getUsers called...
2021-12-29 23:02:19 DEBUG MainRestController:50 - try to login user
2021-12-29 23:02:19 INFO  AspectLogger:22 - loginUser called...
2021-12-29 23:02:19 DEBUG MainRestController:36 - getting all users
2021-12-29 23:02:19 INFO  AspectLogger:22 - getUsers called...
2021-12-29 23:02:19 INFO  AspectLogger:22 - isAuthorized called...
2021-12-29 23:02:19 INFO  AspectLogger:22 - getUser called...
2021-12-29 23:02:19 INFO  AspectLogger:30 - getAllScootersForUser called...
2021-12-29 23:02:19 INFO  AspectLogger:22 - getUser called...
2021-12-29 23:02:20 INFO  AspectLogger:38 - getAllByUserId called...
2021-12-29 23:03:16 INFO  AspectLogger:30 - getAllScootersForUser called...
2021-12-29 23:03:19 INFO  AspectLogger:30 - deleteScooterByNameU called...
2021-12-29 23:03:19 INFO  AspectLogger:22 - getUser called...
2021-12-29 23:03:19 INFO  AspectLogger:38 - getAllByUserId called...
2021-12-29 23:03:20 INFO  AspectLogger:22 - getUser called...
2021-12-29 23:03:20 INFO  AspectLogger:30 - userGetScooterByName called...
2021-12-29 23:03:32 INFO  AspectLogger:22 - getUser called...
2021-12-29 23:03:32 INFO  AspectLogger:38 - isUserRentExistByUserId called...
2021-12-29 23:03:32 INFO  AspectLogger:22 - isAuthorized called...
2021-12-29 23:03:32 INFO  AspectLogger:38 - createUserRent called...
2021-12-29 23:03:32 INFO  AspectLogger:22 - getUser called...
2021-12-29 23:03:32 INFO  AspectLogger:38 - getAllByUserId called...
2021-12-29 23:03:38 DEBUG MainRestController:36 - getting all users
2021-12-29 23:03:38 INFO  AspectLogger:22 - getUsers called...
2021-12-29 23:03:50 DEBUG MainRestController:50 - try to login user
2021-12-29 23:03:50 INFO  AspectLogger:22 - loginUser called...
2021-12-29 23:03:51 DEBUG MainRestController:36 - getting all users
2021-12-29 23:03:51 INFO  AspectLogger:22 - getUsers called...
2021-12-29 23:03:51 INFO  AspectLogger:22 - isAuthorized called...
2021-12-29 23:03:51 INFO  AspectLogger:22 - getUser called...
2021-12-29 23:03:51 INFO  AspectLogger:30 - getAllScootersForAdmin called...
2021-12-29 23:03:51 INFO  AspectLogger:38 - getAllByScooterExpirationDateLessThan called...
2021-12-29 23:04:31 INFO  AspectLogger:30 - isScooterExistByName called...
2021-12-29 23:04:31 INFO  AspectLogger:22 - isAuthorized called...
2021-12-29 23:04:31 INFO  AspectLogger:30 - createScooter called...
2021-12-29 23:04:31 INFO  AspectLogger:30 - getAllScootersForAdmin called...
2021-12-29 23:04:39 INFO  AspectLogger:30 - isScooterExistByName called...
2021-12-29 23:04:39 INFO  AspectLogger:22 - isAuthorized called...
2021-12-29 23:04:39 INFO  AspectLogger:30 - adminGetScooterByName called...
2021-12-29 23:04:39 INFO  AspectLogger:30 - updateScooter called...
2021-12-29 23:04:39 INFO  AspectLogger:30 - getAllScootersForAdmin called...
2021-12-29 23:04:47 INFO  AspectLogger:30 - isScooterExistByName called...
2021-12-29 23:04:47 INFO  AspectLogger:22 - isAuthorized called...
2021-12-29 23:04:47 INFO  AspectLogger:30 - adminGetScooterByName called...
2021-12-29 23:04:47 INFO  AspectLogger:30 - updateScooter called...
2021-12-29 23:04:47 INFO  AspectLogger:30 - getAllScootersForAdmin called...
2021-12-29 23:04:52 INFO  AspectLogger:30 - isScooterExistByName called...
2021-12-29 23:04:52 INFO  AspectLogger:22 - isAuthorized called...
2021-12-29 23:04:52 INFO  AspectLogger:30 - adminGetScooterByName called...
2021-12-29 23:04:52 INFO  AspectLogger:38 - isUserRentExistByScooterId called...
2021-12-29 23:04:52 INFO  AspectLogger:30 - deleteScooterByNameA called...
2021-12-29 23:04:52 INFO  AspectLogger:30 - getAllScootersForAdmin called...
2021-12-29 23:05:06 DEBUG MainRestController:36 - getting all users
2021-12-29 23:05:06 INFO  AspectLogger:22 - getUsers called...
2021-12-29 23:42:10 DEBUG MainRestController:36 - getting all users
2021-12-29 23:42:10 INFO  AspectLogger:22 - getUsers called...
2021-12-29 23:42:27 DEBUG MainRestController:74 - try to register user
2021-12-29 23:42:27 INFO  AspectLogger:22 - registerUser called...
2021-12-29 23:44:34 DEBUG MainRestController:74 - try to register user
2021-12-29 23:44:34 INFO  AspectLogger:22 - registerUser called...
2021-12-29 23:54:36 DEBUG MainRestController:36 - getting all users
2021-12-29 23:54:36 INFO  AspectLogger:22 - getUsers called...
2021-12-29 23:57:11 DEBUG MainRestController:74 - try to register user
2021-12-29 23:57:11 INFO  AspectLogger:22 - registerUser called...
2021-12-30 00:01:12 DEBUG MainRestController:74 - try to register user
2021-12-30 00:01:12 INFO  AspectLogger:22 - registerUser called...
2021-12-30 00:01:16 DEBUG MainRestController:74 - try to register user
2021-12-30 00:01:16 INFO  AspectLogger:22 - registerUser called...
2021-12-30 00:17:38 DEBUG MainRestController:36 - getting all users
2021-12-30 00:17:38 INFO  AspectLogger:22 - getUsers called...
2021-12-30 00:17:43 DEBUG MainRestController:50 - try to login user
2021-12-30 00:17:43 INFO  AspectLogger:22 - loginUser called...
2021-12-30 00:17:43 DEBUG MainRestController:36 - getting all users
2021-12-30 00:17:43 INFO  AspectLogger:22 - getUsers called...
2021-12-30 00:17:43 INFO  AspectLogger:22 - isAuthorized called...
2021-12-30 00:17:43 INFO  AspectLogger:22 - getUser called...
2021-12-30 00:17:43 INFO  AspectLogger:30 - getAllScootersForUser called...
2021-12-30 00:17:43 INFO  AspectLogger:22 - getUser called...
2021-12-30 00:17:43 INFO  AspectLogger:38 - getAllByUserId called...
2021-12-30 00:17:48 INFO  AspectLogger:22 - getUser called...
2021-12-30 00:17:48 INFO  AspectLogger:30 - userGetScooterByName called...
2021-12-30 00:18:03 INFO  AspectLogger:22 - getUser called...
2021-12-30 00:18:03 INFO  AspectLogger:38 - isUserRentExistByUserId called...
2021-12-30 00:18:03 INFO  AspectLogger:22 - isAuthorized called...
2021-12-30 00:18:04 INFO  AspectLogger:22 - getUser called...
2021-12-30 00:18:04 INFO  AspectLogger:38 - isUserRentExistByUserId called...
2021-12-30 00:18:04 INFO  AspectLogger:22 - isAuthorized called...
2021-12-30 00:18:30 INFO  AspectLogger:30 - deleteScooterByNameU called...
2021-12-30 00:18:30 INFO  AspectLogger:22 - getUser called...
2021-12-30 00:18:30 INFO  AspectLogger:38 - getAllByUserId called...
2021-12-30 00:18:46 INFO  AspectLogger:22 - getUser called...
2021-12-30 00:18:46 INFO  AspectLogger:38 - isUserRentExistByUserId called...
2021-12-30 00:18:46 INFO  AspectLogger:22 - isAuthorized called...
2021-12-30 00:18:46 INFO  AspectLogger:38 - createUserRent called...
2021-12-30 00:18:46 INFO  AspectLogger:22 - getUser called...
2021-12-30 00:18:46 INFO  AspectLogger:38 - getAllByUserId called...
2021-12-30 00:18:53 INFO  AspectLogger:22 - getUser called...
2021-12-30 00:18:53 INFO  AspectLogger:30 - userGetScooterByName called...
2021-12-30 00:19:04 INFO  AspectLogger:22 - getUser called...
2021-12-30 00:19:04 INFO  AspectLogger:38 - isUserRentExistByUserId called...
2021-12-30 00:19:04 INFO  AspectLogger:22 - isAuthorized called...
2021-12-30 00:22:48 DEBUG MainRestController:36 - getting all users
2021-12-30 00:22:48 INFO  AspectLogger:22 - getUsers called...
2021-12-30 00:22:48 INFO  AspectLogger:22 - isAuthorized called...
2021-12-30 00:22:48 INFO  AspectLogger:22 - getUser called...
2021-12-30 00:22:48 INFO  AspectLogger:30 - getAllScootersForUser called...
2021-12-30 00:22:48 INFO  AspectLogger:22 - getUser called...
2021-12-30 00:22:48 INFO  AspectLogger:38 - getAllByUserId called...
2021-12-30 00:23:04 DEBUG MainRestController:36 - getting all users
2021-12-30 00:23:04 INFO  AspectLogger:22 - getUsers called...
2021-12-30 00:23:04 INFO  AspectLogger:22 - isAuthorized called...
2021-12-30 00:23:04 INFO  AspectLogger:22 - getUser called...
2021-12-30 00:23:04 INFO  AspectLogger:30 - getAllScootersForUser called...
2021-12-30 00:23:04 INFO  AspectLogger:22 - getUser called...
2021-12-30 00:23:04 INFO  AspectLogger:38 - getAllByUserId called...
2021-12-30 00:24:17 DEBUG MainRestController:36 - getting all users
2021-12-30 00:24:17 INFO  AspectLogger:22 - getUsers called...
2021-12-30 00:24:17 INFO  AspectLogger:22 - isAuthorized called...
2021-12-30 00:24:18 INFO  AspectLogger:22 - getUser called...
2021-12-30 00:24:18 INFO  AspectLogger:30 - getAllScootersForUser called...
2021-12-30 00:24:18 INFO  AspectLogger:22 - getUser called...
2021-12-30 00:24:18 INFO  AspectLogger:38 - getAllByUserId called...
2021-12-30 00:24:27 DEBUG MainRestController:36 - getting all users
2021-12-30 00:24:27 INFO  AspectLogger:22 - getUsers called...
2021-12-30 00:24:45 DEBUG MainRestController:36 - getting all users
2021-12-30 00:24:45 INFO  AspectLogger:22 - getUsers called...
2021-12-30 00:24:48 DEBUG MainRestController:36 - getting all users
2021-12-30 00:24:48 INFO  AspectLogger:22 - getUsers called...
2021-12-30 00:24:48 DEBUG MainRestController:36 - getting all users
2021-12-30 00:24:48 INFO  AspectLogger:22 - getUsers called...
2021-12-30 00:24:49 DEBUG MainRestController:36 - getting all users
2021-12-30 00:24:49 INFO  AspectLogger:22 - getUsers called...
2021-12-30 00:24:50 DEBUG MainRestController:36 - getting all users
2021-12-30 00:24:50 INFO  AspectLogger:22 - getUsers called...
2021-12-30 00:24:50 DEBUG MainRestController:36 - getting all users
2021-12-30 00:24:50 INFO  AspectLogger:22 - getUsers called...
2021-12-30 00:24:51 DEBUG MainRestController:36 - getting all users
2021-12-30 00:24:51 INFO  AspectLogger:22 - getUsers called...
2021-12-30 00:24:51 DEBUG MainRestController:36 - getting all users
2021-12-30 00:24:51 INFO  AspectLogger:22 - getUsers called...
2021-12-30 00:24:52 DEBUG MainRestController:36 - getting all users
2021-12-30 00:24:52 INFO  AspectLogger:22 - getUsers called...
2021-12-30 00:24:52 DEBUG MainRestController:36 - getting all users
2021-12-30 00:24:52 INFO  AspectLogger:22 - getUsers called...
2021-12-30 00:24:54 DEBUG MainRestController:36 - getting all users
2021-12-30 00:24:54 INFO  AspectLogger:22 - getUsers called...
2021-12-30 00:24:55 DEBUG MainRestController:36 - getting all users
2021-12-30 00:24:55 INFO  AspectLogger:22 - getUsers called...
2021-12-30 00:24:55 DEBUG MainRestController:36 - getting all users
2021-12-30 00:24:55 INFO  AspectLogger:22 - getUsers called...
2021-12-30 00:25:52 DEBUG MainRestController:36 - getting all users
2021-12-30 00:25:52 INFO  AspectLogger:22 - getUsers called...
2021-12-30 00:27:32 DEBUG MainRestController:36 - getting all users
2021-12-30 00:27:32 INFO  AspectLogger:22 - getUsers called...
2021-12-30 00:29:10 DEBUG MainRestController:36 - getting all users
2021-12-30 00:29:10 INFO  AspectLogger:22 - getUsers called...
2021-12-30 00:29:16 DEBUG MainRestController:36 - getting all users
2021-12-30 00:29:16 INFO  AspectLogger:22 - getUsers called...
2021-12-30 00:32:45 DEBUG MainRestController:36 - getting all users
2021-12-30 00:32:45 INFO  AspectLogger:22 - getUsers called...
2021-12-30 08:07:21 DEBUG MainRestController:36 - getting all users
2021-12-30 08:07:22 INFO  AspectLogger:22 - getUsers called...
2021-12-30 08:07:26 DEBUG MainRestController:50 - try to login user
2021-12-30 08:07:26 INFO  AspectLogger:22 - loginUser called...
2021-12-30 08:07:26 DEBUG MainRestController:36 - getting all users
2021-12-30 08:07:26 INFO  AspectLogger:22 - getUsers called...
2021-12-30 08:07:27 INFO  AspectLogger:22 - isAuthorized called...
2021-12-30 08:07:27 INFO  AspectLogger:22 - getUser called...
2021-12-30 08:07:27 INFO  AspectLogger:30 - getAllScootersForUser called...
2021-12-30 08:07:27 INFO  AspectLogger:22 - getUser called...
2021-12-30 08:07:27 INFO  AspectLogger:38 - getAllByUserId called...
2021-12-30 08:24:23 DEBUG MainRestController:36 - getting all users
2021-12-30 08:24:24 INFO  AspectLogger:22 - getUsers called...
2021-12-30 08:24:24 INFO  AspectLogger:22 - isAuthorized called...
2021-12-30 08:24:24 INFO  AspectLogger:22 - getUser called...
2021-12-30 08:24:24 INFO  AspectLogger:30 - getAllScootersForUser called...
2021-12-30 08:24:24 INFO  AspectLogger:22 - getUser called...
2021-12-30 08:24:24 INFO  AspectLogger:38 - getAllByUserId called...
2021-12-30 08:24:27 DEBUG MainRestController:36 - getting all users
2021-12-30 08:24:27 INFO  AspectLogger:22 - getUsers called...
2021-12-30 08:40:28 DEBUG MainRestController:74 - try to register user
2021-12-30 08:40:28 INFO  AspectLogger:22 - registerUser called...
2021-12-30 08:43:56 DEBUG MainRestController:74 - try to register user
2021-12-30 08:43:57 INFO  AspectLogger:22 - registerUser called...
2021-12-30 08:43:58 DEBUG MainRestController:74 - try to register user
2021-12-30 08:43:58 INFO  AspectLogger:22 - registerUser called...
2021-12-30 08:50:18 DEBUG MainRestController:74 - try to register user
2021-12-30 08:50:18 INFO  AspectLogger:22 - registerUser called...
2021-12-30 08:54:58 DEBUG MainRestController:74 - try to register user
2021-12-30 08:54:58 INFO  AspectLogger:22 - registerUser called...
2021-12-30 08:56:47 DEBUG MainRestController:74 - try to register user
2021-12-30 08:56:47 INFO  AspectLogger:22 - registerUser called...
2021-12-30 09:06:25 DEBUG MainRestController:40 - getting all users
2021-12-30 09:06:25 INFO  AspectLogger:22 - getUsers called...
2021-12-30 09:06:30 DEBUG MainRestController:40 - getting all users
2021-12-30 09:06:31 INFO  AspectLogger:22 - getUsers called...
2021-12-30 09:06:31 DEBUG MainRestController:40 - getting all users
2021-12-30 09:06:31 INFO  AspectLogger:22 - getUsers called...
2021-12-30 09:06:32 DEBUG MainRestController:40 - getting all users
2021-12-30 09:06:32 INFO  AspectLogger:22 - getUsers called...
2021-12-30 09:06:32 DEBUG MainRestController:40 - getting all users
2021-12-30 09:06:32 INFO  AspectLogger:22 - getUsers called...
2021-12-30 09:06:32 DEBUG MainRestController:40 - getting all users
2021-12-30 09:06:32 INFO  AspectLogger:22 - getUsers called...
2021-12-30 09:06:33 DEBUG MainRestController:40 - getting all users
2021-12-30 09:06:33 INFO  AspectLogger:22 - getUsers called...
2021-12-30 09:06:33 DEBUG MainRestController:40 - getting all users
2021-12-30 09:06:33 INFO  AspectLogger:22 - getUsers called...
2021-12-30 09:06:33 DEBUG MainRestController:40 - getting all users
2021-12-30 09:06:33 INFO  AspectLogger:22 - getUsers called...
2021-12-30 09:06:35 DEBUG MainRestController:40 - getting all users
2021-12-30 09:06:35 INFO  AspectLogger:22 - getUsers called...
2021-12-30 09:06:36 DEBUG MainRestController:40 - getting all users
2021-12-30 09:06:37 INFO  AspectLogger:22 - getUsers called...
2021-12-30 09:06:38 DEBUG MainRestController:40 - getting all users
2021-12-30 09:06:38 INFO  AspectLogger:22 - getUsers called...
2021-12-30 09:06:39 DEBUG MainRestController:40 - getting all users
2021-12-30 09:06:39 INFO  AspectLogger:22 - getUsers called...
2021-12-30 09:06:40 DEBUG MainRestController:40 - getting all users
2021-12-30 09:06:40 INFO  AspectLogger:22 - getUsers called...
2021-12-30 09:06:41 DEBUG MainRestController:40 - getting all users
2021-12-30 09:06:41 INFO  AspectLogger:22 - getUsers called...
2021-12-30 09:14:26 DEBUG MainRestController:78 - try to register user
2021-12-30 09:14:32 INFO  AspectLogger:22 - registerUser called...
2021-12-30 09:14:43 DEBUG MainRestController:78 - try to register user
2021-12-30 09:14:48 INFO  AspectLogger:22 - registerUser called...
2021-12-30 09:15:49 DEBUG MainRestController:78 - try to register user
2021-12-30 09:15:55 INFO  AspectLogger:22 - registerUser called...
2021-12-30 09:16:25 DEBUG MainRestController:78 - try to register user
2021-12-30 09:16:30 INFO  AspectLogger:22 - registerUser called...
2021-12-30 09:24:53 DEBUG MainRestController:78 - try to register user
2021-12-30 09:25:07 INFO  AspectLogger:22 - registerUser called...
2021-12-30 09:36:56 DEBUG MainRestController:77 - try to register user
2021-12-30 09:37:08 INFO  AspectLogger:22 - registerUser called...
2021-12-30 09:39:03 INFO  AspectLogger:22 - activate called...
2021-12-30 09:39:14 DEBUG MainRestController:53 - try to login user
2021-12-30 09:39:14 INFO  AspectLogger:22 - loginUser called...
2021-12-30 09:39:14 INFO  AspectLogger:22 - isAuthorized called...
2021-12-30 09:39:14 INFO  AspectLogger:22 - getUser called...
2021-12-30 09:39:14 INFO  AspectLogger:30 - getAllScootersForUser called...
2021-12-30 09:39:14 INFO  AspectLogger:22 - getUser called...
2021-12-30 09:39:14 INFO  AspectLogger:38 - getAllByUserId called...
2021-12-30 09:54:45 INFO  AspectLogger:22 - isAuthorized called...
2021-12-30 09:54:45 INFO  AspectLogger:22 - getUser called...
2021-12-30 09:54:46 INFO  AspectLogger:30 - getAllScootersForUser called...
2021-12-30 09:54:46 INFO  AspectLogger:22 - getUser called...
2021-12-30 09:54:46 INFO  AspectLogger:38 - getAllByUserId called...
2021-12-30 09:55:00 INFO  AspectLogger:22 - isAuthorized called...
2021-12-30 09:55:00 INFO  AspectLogger:22 - getUser called...
2021-12-30 09:55:00 INFO  AspectLogger:30 - getAllScootersForUser called...
2021-12-30 09:55:00 INFO  AspectLogger:22 - getUser called...
2021-12-30 09:55:00 INFO  AspectLogger:38 - getAllByUserId called...
2021-12-30 09:55:18 DEBUG MainRestController:41 - enter to login user
2021-12-30 09:55:18 INFO  AspectLogger:22 - loginUser called...
2021-12-30 09:55:19 INFO  AspectLogger:22 - isAuthorized called...
2021-12-30 09:55:19 INFO  AspectLogger:22 - getUser called...
2021-12-30 09:55:19 INFO  AspectLogger:30 - getAllScootersForUser called...
2021-12-30 09:55:19 INFO  AspectLogger:22 - getUser called...
2021-12-30 09:55:19 INFO  AspectLogger:38 - getAllByUserId called...
2021-12-30 09:55:21 INFO  AspectLogger:30 - deleteScooterByNameU called...
2021-12-30 09:55:21 INFO  AspectLogger:22 - getUser called...
2021-12-30 09:55:21 INFO  AspectLogger:38 - getAllByUserId called...
2021-12-30 09:55:41 DEBUG MainRestController:41 - enter to login user
2021-12-30 09:55:41 INFO  AspectLogger:22 - loginUser called...
2021-12-30 09:55:41 INFO  AspectLogger:22 - isAuthorized called...
2021-12-30 09:55:41 INFO  AspectLogger:22 - getUser called...
2021-12-30 09:55:41 INFO  AspectLogger:30 - getAllScootersForUser called...
2021-12-30 09:55:41 INFO  AspectLogger:22 - getUser called...
2021-12-30 09:55:41 INFO  AspectLogger:38 - getAllByUserId called...
2021-12-30 09:55:58 DEBUG MainRestController:41 - enter to login user
2021-12-30 09:55:58 INFO  AspectLogger:22 - loginUser called...
2021-12-30 09:55:59 INFO  AspectLogger:22 - isAuthorized called...
2021-12-30 09:55:59 INFO  AspectLogger:22 - getUser called...
2021-12-30 09:55:59 INFO  AspectLogger:30 - getAllScootersForAdmin called...
2021-12-30 09:55:59 INFO  AspectLogger:38 - getAllByScooterExpirationDateLessThan called...
2021-12-30 09:56:13 INFO  AspectLogger:22 - isAuthorized called...
2021-12-30 09:56:13 INFO  AspectLogger:22 - getUser called...
2021-12-30 09:56:13 INFO  AspectLogger:30 - getAllScootersForAdmin called...
2021-12-30 09:56:13 INFO  AspectLogger:38 - getAllByScooterExpirationDateLessThan called...
2021-12-30 09:57:35 DEBUG MainRestController:41 - enter to login user
2021-12-30 09:57:35 INFO  AspectLogger:22 - loginUser called...
2021-12-30 09:57:36 INFO  AspectLogger:22 - isAuthorized called...
2021-12-30 09:57:36 INFO  AspectLogger:22 - getUser called...
2021-12-30 09:57:36 INFO  AspectLogger:30 - getAllScootersForAdmin called...
2021-12-30 09:57:36 INFO  AspectLogger:38 - getAllByScooterExpirationDateLessThan called...
2021-12-30 09:57:51 INFO  AspectLogger:30 - isScooterExistByName called...
2021-12-30 09:57:51 INFO  AspectLogger:22 - isAuthorized called...
2021-12-30 09:57:51 INFO  AspectLogger:30 - createScooter called...
2021-12-30 09:57:51 INFO  AspectLogger:30 - getAllScootersForAdmin called...
2021-12-30 09:57:54 INFO  AspectLogger:30 - isScooterExistByName called...
2021-12-30 09:57:54 INFO  AspectLogger:22 - isAuthorized called...
2021-12-30 09:57:54 INFO  AspectLogger:30 - adminGetScooterByName called...
2021-12-30 09:57:54 INFO  AspectLogger:38 - isUserRentExistByScooterId called...
2021-12-30 09:57:54 INFO  AspectLogger:30 - deleteScooterByNameA called...
2021-12-30 09:57:54 INFO  AspectLogger:30 - getAllScootersForAdmin called...
2021-12-30 10:01:46 INFO  AspectLogger:30 - isScooterExistByName called...
2021-12-30 10:01:46 INFO  AspectLogger:22 - isAuthorized called...
2021-12-30 10:01:46 INFO  AspectLogger:30 - createScooter called...
2021-12-30 10:01:46 INFO  AspectLogger:30 - getAllScootersForAdmin called...
2021-12-30 10:01:49 INFO  AspectLogger:30 - isScooterExistByName called...
2021-12-30 10:01:49 INFO  AspectLogger:22 - isAuthorized called...
2021-12-30 10:01:49 INFO  AspectLogger:30 - adminGetScooterByName called...
2021-12-30 10:01:49 INFO  AspectLogger:38 - isUserRentExistByScooterId called...
2021-12-30 10:01:49 INFO  AspectLogger:30 - deleteScooterByNameA called...
2021-12-30 10:01:49 INFO  AspectLogger:30 - getAllScootersForAdmin called...
2021-12-30 10:01:53 INFO  AspectLogger:30 - isScooterExistByName called...
2021-12-30 10:01:53 INFO  AspectLogger:22 - isAuthorized called...
2021-12-30 10:01:53 INFO  AspectLogger:30 - createScooter called...
2021-12-30 10:01:53 INFO  AspectLogger:30 - getAllScootersForAdmin called...
2021-12-30 10:01:56 INFO  AspectLogger:30 - isScooterExistByName called...
2021-12-30 10:01:56 INFO  AspectLogger:22 - isAuthorized called...
2021-12-30 10:01:56 INFO  AspectLogger:30 - adminGetScooterByName called...
2021-12-30 10:01:56 INFO  AspectLogger:30 - updateScooter called...
2021-12-30 10:01:56 INFO  AspectLogger:30 - getAllScootersForAdmin called...
2021-12-30 10:01:59 INFO  AspectLogger:30 - isScooterExistByName called...
2021-12-30 10:01:59 INFO  AspectLogger:22 - isAuthorized called...
2021-12-30 10:01:59 INFO  AspectLogger:30 - adminGetScooterByName called...
2021-12-30 10:01:59 INFO  AspectLogger:38 - isUserRentExistByScooterId called...
2021-12-30 10:01:59 INFO  AspectLogger:30 - deleteScooterByNameA called...
2021-12-30 10:01:59 INFO  AspectLogger:30 - getAllScootersForAdmin called...
2021-12-30 10:25:34 INFO  AspectLogger:22 - isAuthorized called...
2021-12-30 10:25:34 INFO  AspectLogger:22 - getUser called...
2021-12-30 10:25:34 INFO  AspectLogger:30 - getAllScootersForAdmin called...
2021-12-30 10:25:34 INFO  AspectLogger:38 - getAllByScooterExpirationDateLessThan called...
2021-12-30 10:25:39 DEBUG MainRestController:41 - enter to login user
2021-12-30 10:25:39 INFO  AspectLogger:22 - loginUser called...
2021-12-30 10:25:39 INFO  AspectLogger:22 - isAuthorized called...
2021-12-30 10:25:39 INFO  AspectLogger:22 - getUser called...
2021-12-30 10:25:39 INFO  AspectLogger:30 - getAllScootersForUser called...
2021-12-30 10:25:39 INFO  AspectLogger:22 - getUser called...
2021-12-30 10:25:39 INFO  AspectLogger:38 - getAllByUserId called...
2021-12-30 10:26:30 INFO  AspectLogger:30 - getAllScootersForUser called...
2021-12-30 10:30:38 DEBUG MainRestController:41 - enter to login user
2021-12-30 10:30:38 INFO  AspectLogger:22 - loginUser called...
2021-12-30 10:30:38 INFO  AspectLogger:22 - isAuthorized called...
2021-12-30 10:30:38 INFO  AspectLogger:22 - getUser called...
2021-12-30 10:30:38 INFO  AspectLogger:30 - getAllScootersForUser called...
2021-12-30 10:30:38 INFO  AspectLogger:22 - getUser called...
2021-12-30 10:30:38 INFO  AspectLogger:38 - getAllByUserId called...
2021-12-30 10:30:41 INFO  AspectLogger:22 - getUser called...
2021-12-30 10:30:53 INFO  AspectLogger:22 - getUser called...
2021-12-30 10:30:54 INFO  AspectLogger:22 - getUser called...
2021-12-30 10:35:14 INFO  AspectLogger:22 - getUser called...
2021-12-30 10:35:22 INFO  AspectLogger:22 - isAuthorized called...
2021-12-30 10:35:22 INFO  AspectLogger:22 - getUser called...
2021-12-30 10:35:22 INFO  AspectLogger:30 - getAllScootersForUser called...
2021-12-30 10:35:22 INFO  AspectLogger:22 - getUser called...
2021-12-30 10:35:22 INFO  AspectLogger:38 - getAllByUserId called...
2021-12-30 10:35:36 DEBUG MainRestController:41 - enter to login user
2021-12-30 10:35:36 INFO  AspectLogger:22 - loginUser called...
2021-12-30 10:35:37 INFO  AspectLogger:22 - isAuthorized called...
2021-12-30 10:35:37 INFO  AspectLogger:22 - getUser called...
2021-12-30 10:35:37 INFO  AspectLogger:30 - getAllScootersForAdmin called...
2021-12-30 10:35:37 INFO  AspectLogger:38 - getAllByScooterExpirationDateLessThan called...
2021-12-30 10:35:56 INFO  AspectLogger:30 - isScooterExistByName called...
2021-12-30 10:35:56 INFO  AspectLogger:22 - isAuthorized called...
2021-12-30 10:35:56 INFO  AspectLogger:30 - createScooter called...
2021-12-30 10:35:56 INFO  AspectLogger:30 - getAllScootersForAdmin called...
2021-12-30 10:36:02 INFO  AspectLogger:30 - isScooterExistByName called...
2021-12-30 10:36:02 INFO  AspectLogger:22 - isAuthorized called...
2021-12-30 10:36:02 INFO  AspectLogger:30 - adminGetScooterByName called...
2021-12-30 10:36:02 INFO  AspectLogger:30 - updateScooter called...
2021-12-30 10:36:02 INFO  AspectLogger:30 - getAllScootersForAdmin called...
2021-12-30 10:36:06 INFO  AspectLogger:30 - isScooterExistByName called...
2021-12-30 10:36:06 INFO  AspectLogger:22 - isAuthorized called...
2021-12-30 10:36:06 INFO  AspectLogger:30 - adminGetScooterByName called...
2021-12-30 10:36:06 INFO  AspectLogger:38 - isUserRentExistByScooterId called...
2021-12-30 10:36:09 INFO  AspectLogger:30 - isScooterExistByName called...
2021-12-30 10:36:09 INFO  AspectLogger:22 - isAuthorized called...
2021-12-30 10:36:09 INFO  AspectLogger:30 - adminGetScooterByName called...
2021-12-30 10:36:09 INFO  AspectLogger:38 - isUserRentExistByScooterId called...
2021-12-30 10:36:10 INFO  AspectLogger:30 - isScooterExistByName called...
2021-12-30 10:36:10 INFO  AspectLogger:22 - isAuthorized called...
2021-12-30 10:36:10 INFO  AspectLogger:30 - adminGetScooterByName called...
2021-12-30 10:36:10 INFO  AspectLogger:38 - isUserRentExistByScooterId called...
2021-12-30 10:40:52 INFO  AspectLogger:22 - isAuthorized called...
2021-12-30 10:40:52 INFO  AspectLogger:22 - getUser called...
2021-12-30 10:40:52 INFO  AspectLogger:30 - getAllScootersForAdmin called...
2021-12-30 10:40:52 INFO  AspectLogger:38 - getAllByScooterExpirationDateLessThan called...
2021-12-30 10:40:57 DEBUG MainRestController:41 - enter to login user
2021-12-30 10:40:57 INFO  AspectLogger:22 - loginUser called...
2021-12-30 10:40:58 INFO  AspectLogger:22 - isAuthorized called...
2021-12-30 10:40:58 INFO  AspectLogger:22 - getUser called...
2021-12-30 10:40:58 INFO  AspectLogger:30 - getAllScootersForUser called...
2021-12-30 10:40:58 INFO  AspectLogger:22 - getUser called...
2021-12-30 10:40:58 INFO  AspectLogger:38 - getAllByUserId called...
2021-12-30 10:40:59 INFO  AspectLogger:22 - getUser called...
2021-12-30 10:40:59 INFO  AspectLogger:30 - userGetScooterByName called...
2021-12-30 10:58:10 DEBUG MainRestController:41 - enter to login user
2021-12-30 10:58:10 INFO  AspectLogger:26 - loginUser called...
2021-12-30 10:58:11 INFO  AspectLogger:26 - isAuthorized called...
2021-12-30 10:58:11 INFO  AspectLogger:26 - getUser called...
2021-12-30 10:58:11 DEBUG MainRestController:120 - getting all users
2021-12-30 10:58:11 INFO  AspectLogger:26 - getUsers called...
2021-12-30 10:58:11 INFO  AspectLogger:34 - getAllScootersForAdmin called...
2021-12-30 10:58:11 INFO  AspectLogger:42 - getAllByScooterExpirationDateLessThan called...
2021-12-30 10:58:18 DEBUG MainRestController:120 - getting all users
2021-12-30 10:58:18 INFO  AspectLogger:26 - getUsers called...
2021-12-30 10:58:18 DEBUG MainRestController:120 - getting all users
2021-12-30 10:58:18 INFO  AspectLogger:26 - getUsers called...
2021-12-30 10:58:20 DEBUG MainRestController:120 - getting all users
2021-12-30 10:58:20 INFO  AspectLogger:26 - getUsers called...
2021-12-30 10:58:20 DEBUG MainRestController:120 - getting all users
2021-12-30 10:58:20 INFO  AspectLogger:26 - getUsers called...
2021-12-30 10:58:21 DEBUG MainRestController:120 - getting all users
2021-12-30 10:58:21 INFO  AspectLogger:26 - getUsers called...
2021-12-30 10:58:22 DEBUG MainRestController:120 - getting all users
2021-12-30 10:58:22 INFO  AspectLogger:26 - getUsers called...
2021-12-30 10:59:25 DEBUG MainRestController:41 - enter to login user
2021-12-30 10:59:25 INFO  AspectLogger:26 - loginUser called...
2021-12-30 10:59:26 INFO  AspectLogger:26 - isAuthorized called...
2021-12-30 10:59:26 INFO  AspectLogger:26 - getUser called...
2021-12-30 10:59:26 DEBUG MainRestController:120 - getting all users
2021-12-30 10:59:26 INFO  AspectLogger:26 - getUsers called...
2021-12-30 10:59:26 INFO  AspectLogger:34 - getAllScootersForAdmin called...
2021-12-30 10:59:26 INFO  AspectLogger:42 - getAllByScooterExpirationDateLessThan called...
2021-12-30 10:59:32 DEBUG MainRestController:120 - getting all users
2021-12-30 10:59:32 INFO  AspectLogger:26 - getUsers called...
2021-12-30 10:59:32 DEBUG MainRestController:120 - getting all users
2021-12-30 10:59:32 INFO  AspectLogger:26 - getUsers called...
2021-12-30 10:59:33 DEBUG MainRestController:120 - getting all users
2021-12-30 10:59:33 INFO  AspectLogger:26 - getUsers called...
2021-12-30 10:59:33 DEBUG MainRestController:120 - getting all users
2021-12-30 10:59:33 INFO  AspectLogger:26 - getUsers called...
2021-12-30 10:59:33 DEBUG MainRestController:120 - getting all users
2021-12-30 10:59:33 INFO  AspectLogger:26 - getUsers called...
2021-12-30 10:59:33 DEBUG MainRestController:120 - getting all users
2021-12-30 10:59:33 INFO  AspectLogger:26 - getUsers called...
2021-12-30 10:59:35 DEBUG MainRestController:120 - getting all users
2021-12-30 10:59:35 INFO  AspectLogger:26 - getUsers called...
2021-12-30 10:59:37 DEBUG MainRestController:120 - getting all users
2021-12-30 10:59:37 INFO  AspectLogger:26 - getUsers called...
2021-12-30 10:59:37 DEBUG MainRestController:120 - getting all users
2021-12-30 10:59:37 INFO  AspectLogger:26 - getUsers called...
2021-12-30 10:59:38 DEBUG MainRestController:120 - getting all users
2021-12-30 10:59:38 INFO  AspectLogger:26 - getUsers called...
2021-12-30 10:59:38 DEBUG MainRestController:120 - getting all users
2021-12-30 10:59:38 INFO  AspectLogger:26 - getUsers called...
2021-12-30 10:59:39 DEBUG MainRestController:120 - getting all users
2021-12-30 10:59:39 INFO  AspectLogger:26 - getUsers called...
2021-12-30 10:59:39 DEBUG MainRestController:120 - getting all users
2021-12-30 10:59:39 INFO  AspectLogger:26 - getUsers called...
2021-12-30 10:59:42 DEBUG MainRestController:120 - getting all users
2021-12-30 10:59:42 INFO  AspectLogger:26 - getUsers called...
2021-12-30 10:59:44 DEBUG MainRestController:120 - getting all users
2021-12-30 10:59:44 INFO  AspectLogger:26 - getUsers called...
2021-12-30 10:59:44 DEBUG MainRestController:120 - getting all users
2021-12-30 10:59:44 INFO  AspectLogger:26 - getUsers called...
2021-12-30 10:59:45 DEBUG MainRestController:120 - getting all users
2021-12-30 10:59:45 INFO  AspectLogger:26 - getUsers called...
2021-12-30 10:59:46 DEBUG MainRestController:120 - getting all users
2021-12-30 10:59:46 INFO  AspectLogger:26 - getUsers called...
2021-12-30 10:59:47 DEBUG MainRestController:120 - getting all users
2021-12-30 10:59:47 INFO  AspectLogger:26 - getUsers called...
2021-12-30 11:00:00 INFO  AspectLogger:34 - adminGetScooterByName called...
2021-12-30 11:00:07 INFO  AspectLogger:34 - isScooterExistByName called...
2021-12-30 11:00:07 INFO  AspectLogger:26 - isAuthorized called...
2021-12-30 11:00:07 INFO  AspectLogger:34 - adminGetScooterByName called...
2021-12-30 11:00:07 INFO  AspectLogger:42 - isUserRentExistByScooterId called...
2021-12-30 11:00:07 INFO  AspectLogger:34 - deleteScooterByNameA called...
2021-12-30 11:00:07 INFO  AspectLogger:34 - getAllScootersForAdmin called...
2021-12-30 11:06:09 DEBUG MainRestController:41 - enter to login user
2021-12-30 11:06:09 INFO  AspectLogger:26 - loginUser called...
2021-12-30 11:06:09 INFO  AspectLogger:26 - isAuthorized called...
2021-12-30 11:06:09 INFO  AspectLogger:26 - getUser called...
2021-12-30 11:06:09 INFO  AspectLogger:34 - getAllScootersForUser called...
2021-12-30 11:06:09 INFO  AspectLogger:26 - getUser called...
2021-12-30 11:06:10 INFO  AspectLogger:42 - getAllByUserId called...
2021-12-30 11:07:39 DEBUG MainRestController:41 - enter to login user
2021-12-30 11:07:39 INFO  AspectLogger:26 - loginUser called...
2021-12-30 11:07:40 INFO  AspectLogger:26 - isAuthorized called...
2021-12-30 11:07:40 INFO  AspectLogger:26 - getUser called...
2021-12-30 11:07:40 INFO  AspectLogger:34 - getAllScootersForUser called...
2021-12-30 11:07:40 INFO  AspectLogger:26 - getUser called...
2021-12-30 11:07:40 INFO  AspectLogger:42 - getAllByUserId called...
2021-12-30 11:10:48 INFO  AspectLogger:26 - isAuthorized called...
2021-12-30 11:10:48 INFO  AspectLogger:26 - getUser called...
2021-12-30 11:10:49 INFO  AspectLogger:34 - getAllScootersForUser called...
2021-12-30 11:10:49 INFO  AspectLogger:26 - getUser called...
2021-12-30 11:10:49 INFO  AspectLogger:42 - getAllByUserId called...
2021-12-30 12:33:10 DEBUG MainRestController:67 - try to register user
2021-12-30 12:33:26 INFO  AspectLogger:26 - registerUser called...
2021-12-30 12:33:46 INFO  AspectLogger:26 - activate called...
2021-12-30 12:34:04 DEBUG MainRestController:41 - enter to login user
2021-12-30 12:34:05 INFO  AspectLogger:26 - loginUser called...
2021-12-30 12:34:05 INFO  AspectLogger:26 - isAuthorized called...
2021-12-30 12:34:05 INFO  AspectLogger:26 - getUser called...
2021-12-30 12:34:05 INFO  AspectLogger:34 - getAllScootersForUser called...
2021-12-30 12:34:05 INFO  AspectLogger:26 - getUser called...
2021-12-30 12:34:05 INFO  AspectLogger:42 - getAllByUserId called...
2021-12-30 12:35:15 INFO  AspectLogger:34 - getAllScootersForUser called...
2021-12-30 12:35:19 INFO  AspectLogger:34 - getAllScootersForUser called...
2021-12-30 12:35:39 INFO  AspectLogger:26 - getUser called...
2021-12-30 12:35:39 INFO  AspectLogger:34 - userGetScooterByName called...
2021-12-30 12:35:50 INFO  AspectLogger:26 - getUser called...
2021-12-30 12:35:50 INFO  AspectLogger:42 - isUserRentExistByUserId called...
2021-12-30 12:35:50 INFO  AspectLogger:26 - isAuthorized called...
2021-12-30 12:35:50 INFO  AspectLogger:42 - createUserRent called...
2021-12-30 12:35:50 INFO  AspectLogger:26 - getUser called...
2021-12-30 12:35:50 INFO  AspectLogger:42 - getAllByUserId called...
2021-12-30 12:36:34 INFO  AspectLogger:26 - getUser called...
2021-12-30 12:36:34 INFO  AspectLogger:42 - isUserRentExistByUserId called...
2021-12-30 12:36:34 INFO  AspectLogger:26 - isAuthorized called...
2021-12-30 12:36:53 INFO  AspectLogger:26 - getUser called...
2021-12-30 12:36:53 INFO  AspectLogger:42 - isUserRentExistByUserId called...
2021-12-30 12:36:53 INFO  AspectLogger:26 - isAuthorized called...
2021-12-30 12:38:02 DEBUG MainRestController:41 - enter to login user
2021-12-30 12:38:02 INFO  AspectLogger:26 - loginUser called...
2021-12-30 12:38:02 INFO  AspectLogger:26 - isAuthorized called...
2021-12-30 12:38:02 INFO  AspectLogger:26 - getUser called...
2021-12-30 12:38:02 DEBUG MainRestController:120 - getting all users
2021-12-30 12:38:02 INFO  AspectLogger:26 - getUsers called...
2021-12-30 12:38:02 INFO  AspectLogger:34 - getAllScootersForAdmin called...
2021-12-30 12:38:02 INFO  AspectLogger:42 - getAllByScooterExpirationDateLessThan called...
2021-12-30 12:38:09 DEBUG MainRestController:120 - getting all users
2021-12-30 12:38:09 INFO  AspectLogger:26 - getUsers called...
2021-12-30 12:38:09 DEBUG MainRestController:120 - getting all users
2021-12-30 12:38:09 INFO  AspectLogger:26 - getUsers called...
2021-12-30 12:38:10 DEBUG MainRestController:120 - getting all users
2021-12-30 12:38:10 INFO  AspectLogger:26 - getUsers called...
2021-12-30 12:38:10 DEBUG MainRestController:120 - getting all users
2021-12-30 12:38:10 INFO  AspectLogger:26 - getUsers called...
2021-12-30 12:38:11 DEBUG MainRestController:120 - getting all users
2021-12-30 12:38:11 INFO  AspectLogger:26 - getUsers called...
2021-12-30 12:38:11 DEBUG MainRestController:120 - getting all users
2021-12-30 12:38:11 INFO  AspectLogger:26 - getUsers called...
2021-12-30 12:38:12 DEBUG MainRestController:120 - getting all users
2021-12-30 12:38:12 INFO  AspectLogger:26 - getUsers called...
2021-12-30 12:38:12 DEBUG MainRestController:120 - getting all users
2021-12-30 12:38:12 INFO  AspectLogger:26 - getUsers called...
2021-12-30 12:38:13 DEBUG MainRestController:120 - getting all users
2021-12-30 12:38:13 INFO  AspectLogger:26 - getUsers called...
2021-12-30 12:38:13 DEBUG MainRestController:120 - getting all users
2021-12-30 12:38:13 INFO  AspectLogger:26 - getUsers called...
2021-12-30 12:38:14 DEBUG MainRestController:120 - getting all users
2021-12-30 12:38:14 INFO  AspectLogger:26 - getUsers called...
2021-12-30 12:38:16 DEBUG MainRestController:120 - getting all users
2021-12-30 12:38:16 INFO  AspectLogger:26 - getUsers called...
2021-12-30 12:38:17 DEBUG MainRestController:120 - getting all users
2021-12-30 12:38:17 INFO  AspectLogger:26 - getUsers called...
2021-12-30 12:38:18 DEBUG MainRestController:120 - getting all users
2021-12-30 12:38:18 INFO  AspectLogger:26 - getUsers called...
2021-12-30 12:38:18 DEBUG MainRestController:120 - getting all users
2021-12-30 12:38:18 INFO  AspectLogger:26 - getUsers called...
2021-12-30 12:38:19 DEBUG MainRestController:120 - getting all users
2021-12-30 12:38:19 INFO  AspectLogger:26 - getUsers called...
2021-12-30 13:09:30 INFO  AspectLogger:26 - isAuthorized called...
2021-12-30 13:09:30 INFO  AspectLogger:26 - getUser called...
2021-12-30 13:09:30 DEBUG MainRestController:120 - getting all users
2021-12-30 13:09:30 INFO  AspectLogger:26 - getUsers called...
2021-12-30 13:09:31 INFO  AspectLogger:34 - getAllScootersForAdmin called...
2021-12-30 13:09:31 INFO  AspectLogger:42 - getAllByScooterExpirationDateLessThan called...
2021-12-30 13:10:39 DEBUG MainRestController:41 - enter to login user
2021-12-30 13:10:39 INFO  AspectLogger:26 - loginUser called...
2021-12-30 13:10:39 INFO  AspectLogger:26 - isAuthorized called...
2021-12-30 13:10:39 INFO  AspectLogger:26 - getUser called...
2021-12-30 13:10:39 INFO  AspectLogger:34 - getAllScootersForUser called...
2021-12-30 13:10:39 INFO  AspectLogger:26 - getUser called...
2021-12-30 13:10:39 INFO  AspectLogger:42 - getAllByUserId called...
2021-12-30 13:10:45 INFO  AspectLogger:26 - getUser called...
2021-12-30 13:10:45 INFO  AspectLogger:34 - userGetScooterByName called...
2021-12-30 13:10:59 INFO  AspectLogger:26 - getUser called...
2021-12-30 13:10:59 INFO  AspectLogger:42 - isUserRentExistByUserId called...
2021-12-30 13:10:59 INFO  AspectLogger:26 - isAuthorized called...
2021-12-30 13:10:59 INFO  AspectLogger:42 - createUserRent called...
2021-12-30 13:10:59 INFO  AspectLogger:26 - getUser called...
2021-12-30 13:10:59 INFO  AspectLogger:42 - getAllByUserId called...
2021-12-30 13:11:13 DEBUG MainRestController:41 - enter to login user
2021-12-30 13:11:13 INFO  AspectLogger:26 - loginUser called...
2021-12-30 13:11:13 INFO  AspectLogger:26 - isAuthorized called...
2021-12-30 13:11:13 INFO  AspectLogger:26 - getUser called...
2021-12-30 13:11:13 DEBUG MainRestController:120 - getting all users
2021-12-30 13:11:13 INFO  AspectLogger:26 - getUsers called...
2021-12-30 13:11:13 INFO  AspectLogger:34 - getAllScootersForAdmin called...
2021-12-30 13:11:13 INFO  AspectLogger:42 - getAllByScooterExpirationDateLessThan called...
2021-12-30 14:16:25 INFO  PageTest:28 - running main page test
2021-12-30 14:16:26 INFO  PageTest:32 - running get /users api
2021-12-30 14:16:26 DEBUG MainRestController:120 - getting all users
2021-12-30 14:16:27 INFO  AspectLogger:26 - getUsers called...
2021-12-30 14:26:21 INFO  AspectLogger:26 - isAuthorized called...
2021-12-30 14:26:21 INFO  AspectLogger:26 - getUser called...
2021-12-30 14:26:22 DEBUG MainRestController:120 - getting all users
2021-12-30 14:26:22 INFO  AspectLogger:26 - getUsers called...
2021-12-30 14:26:22 INFO  AspectLogger:34 - getAllScootersForAdmin called...
2021-12-30 14:26:22 INFO  AspectLogger:42 - getAllByScooterExpirationDateLessThan called...
2021-12-30 14:26:24 INFO  AspectLogger:26 - isAuthorized called...
2021-12-30 14:26:24 INFO  AspectLogger:26 - getUser called...
2021-12-30 14:26:24 DEBUG MainRestController:120 - getting all users
2021-12-30 14:26:24 INFO  AspectLogger:26 - getUsers called...
2021-12-30 14:26:24 INFO  AspectLogger:34 - getAllScootersForAdmin called...
2021-12-30 14:26:24 INFO  AspectLogger:42 - getAllByScooterExpirationDateLessThan called...
2021-12-30 14:26:42 DEBUG MainRestController:41 - enter to login user
2021-12-30 14:26:42 INFO  AspectLogger:26 - loginUser called...
2021-12-30 14:26:42 INFO  AspectLogger:26 - isAuthorized called...
2021-12-30 14:26:42 INFO  AspectLogger:26 - getUser called...
2021-12-30 14:26:42 DEBUG MainRestController:120 - getting all users
2021-12-30 14:26:42 INFO  AspectLogger:26 - getUsers called...
2021-12-30 14:26:42 INFO  AspectLogger:34 - getAllScootersForAdmin called...
2021-12-30 14:26:42 INFO  AspectLogger:42 - getAllByScooterExpirationDateLessThan called...
2021-12-30 14:26:58 INFO  AspectLogger:34 - isScooterExistByName called...
2021-12-30 14:26:58 INFO  AspectLogger:26 - isAuthorized called...
2021-12-30 14:26:58 INFO  AspectLogger:34 - createScooter called...
2021-12-30 14:26:58 INFO  AspectLogger:34 - getAllScootersForAdmin called...
2021-12-30 14:27:05 INFO  AspectLogger:34 - isScooterExistByName called...
2021-12-30 14:27:05 INFO  AspectLogger:26 - isAuthorized called...
2021-12-30 14:27:20 INFO  AspectLogger:34 - isScooterExistByName called...
2021-12-30 14:27:21 INFO  AspectLogger:26 - isAuthorized called...
2021-12-30 14:27:21 INFO  AspectLogger:34 - adminGetScooterByName called...
2021-12-30 14:27:21 INFO  AspectLogger:42 - isUserRentExistByScooterId called...
2021-12-30 14:27:21 INFO  AspectLogger:34 - deleteScooterByNameA called...
2021-12-30 14:27:21 INFO  AspectLogger:34 - getAllScootersForAdmin called...
2021-12-30 14:49:03 INFO  AspectLogger:34 - isScooterExistByName called...
2021-12-30 14:49:03 INFO  AspectLogger:26 - isAuthorized called...
2021-12-30 14:49:03 INFO  AspectLogger:34 - createScooter called...
2021-12-30 14:49:03 INFO  AspectLogger:34 - getAllScootersForAdmin called...
2021-12-30 14:49:08 INFO  AspectLogger:26 - isAuthorized called...
2021-12-30 14:49:08 INFO  AspectLogger:26 - getUser called...
2021-12-30 14:49:08 DEBUG MainRestController:120 - getting all users
2021-12-30 14:49:08 INFO  AspectLogger:26 - getUsers called...
2021-12-30 14:49:08 INFO  AspectLogger:34 - getAllScootersForAdmin called...
2021-12-30 14:49:08 INFO  AspectLogger:42 - getAllByScooterExpirationDateLessThan called...
2021-12-30 14:49:14 INFO  AspectLogger:34 - adminGetScooterByName called...
2021-12-30 14:49:19 INFO  AspectLogger:34 - isScooterExistByName called...
2021-12-30 14:49:19 INFO  AspectLogger:26 - isAuthorized called...
2021-12-30 14:49:26 INFO  AspectLogger:34 - isScooterExistByName called...
2021-12-30 14:49:26 INFO  AspectLogger:26 - isAuthorized called...
2021-12-30 14:49:26 INFO  AspectLogger:34 - adminGetScooterByName called...
2021-12-30 14:49:26 INFO  AspectLogger:42 - isUserRentExistByScooterId called...
2021-12-30 14:49:26 INFO  AspectLogger:34 - deleteScooterByNameA called...
2021-12-30 14:49:26 INFO  AspectLogger:34 - getAllScootersForAdmin called...
2021-12-30 14:49:45 INFO  AspectLogger:26 - isAuthorized called...
2021-12-30 14:49:45 INFO  AspectLogger:26 - getUser called...
2021-12-30 14:49:45 DEBUG MainRestController:120 - getting all users
2021-12-30 14:49:45 INFO  AspectLogger:26 - getUsers called...
2021-12-30 14:49:45 INFO  AspectLogger:34 - getAllScootersForAdmin called...
2021-12-30 14:49:45 INFO  AspectLogger:42 - getAllByScooterExpirationDateLessThan called...
2021-12-30 14:50:06 INFO  AspectLogger:34 - isScooterExistByName called...
2021-12-30 14:50:06 INFO  AspectLogger:26 - isAuthorized called...
2021-12-30 14:50:06 INFO  AspectLogger:34 - createScooter called...
2021-12-30 14:50:06 INFO  AspectLogger:34 - getAllScootersForAdmin called...
2021-12-30 14:50:09 INFO  AspectLogger:34 - adminGetScooterByName called...
2021-12-30 14:52:02 INFO  AspectLogger:34 - isScooterExistByName called...
2021-12-30 14:52:03 INFO  AspectLogger:26 - isAuthorized called...
2021-12-30 15:02:19 DEBUG MainRestController:41 - enter to login user
2021-12-30 15:02:19 INFO  AspectLogger:26 - loginUser called...
2021-12-30 15:02:20 INFO  AspectLogger:26 - isAuthorized called...
2021-12-30 15:02:20 INFO  AspectLogger:26 - getUser called...
2021-12-30 15:02:20 INFO  AspectLogger:34 - getAllScootersForUser called...
2021-12-30 15:02:20 INFO  AspectLogger:26 - getUser called...
2021-12-30 15:02:20 INFO  AspectLogger:42 - getAllByUserId called...
2021-12-30 15:06:01 DEBUG MainRestController:41 - enter to login user
2021-12-30 15:06:02 INFO  AspectLogger:26 - loginUser called...
2021-12-30 15:06:02 INFO  AspectLogger:26 - isAuthorized called...
2021-12-30 15:06:02 INFO  AspectLogger:26 - getUser called...
2021-12-30 15:06:02 DEBUG MainRestController:120 - getting all users
2021-12-30 15:06:02 INFO  AspectLogger:26 - getUsers called...
2021-12-30 15:06:02 INFO  AspectLogger:34 - getAllScootersForAdmin called...
2021-12-30 15:06:02 INFO  AspectLogger:42 - getAllByScooterExpirationDateLessThan called...
2021-12-30 15:06:19 INFO  AspectLogger:34 - adminGetScooterByName called...
2021-12-30 15:06:23 INFO  AspectLogger:34 - isScooterExistByName called...
2021-12-30 15:06:23 INFO  AspectLogger:26 - isAuthorized called...
2021-12-30 15:06:27 INFO  AspectLogger:34 - isScooterExistByName called...
2021-12-30 15:06:27 INFO  AspectLogger:26 - isAuthorized called...
2021-12-30 15:06:27 INFO  AspectLogger:34 - adminGetScooterByName called...
2021-12-30 15:06:27 INFO  AspectLogger:42 - isUserRentExistByScooterId called...
2021-12-30 15:06:27 INFO  AspectLogger:34 - deleteScooterByNameA called...
2021-12-30 15:06:27 INFO  AspectLogger:34 - getAllScootersForAdmin called...
2021-12-30 15:11:55 DEBUG MainRestController:41 - enter to login user
2021-12-30 15:11:55 INFO  AspectLogger:26 - loginUser called...
2021-12-30 15:11:56 INFO  AspectLogger:26 - isAuthorized called...
2021-12-30 15:11:56 INFO  AspectLogger:26 - getUser called...
2021-12-30 15:11:56 DEBUG MainRestController:120 - getting all users
2021-12-30 15:11:56 INFO  AspectLogger:26 - getUsers called...
2021-12-30 15:11:56 INFO  AspectLogger:34 - getAllScootersForAdmin called...
2021-12-30 15:11:56 INFO  AspectLogger:42 - getAllByScooterExpirationDateLessThan called...
2021-12-30 15:11:59 DEBUG MainRestController:120 - getting all users
2021-12-30 15:11:59 INFO  AspectLogger:26 - getUsers called...
2021-12-30 15:11:59 DEBUG MainRestController:120 - getting all users
2021-12-30 15:11:59 INFO  AspectLogger:26 - getUsers called...
2021-12-30 15:12:00 DEBUG MainRestController:120 - getting all users
2021-12-30 15:12:00 INFO  AspectLogger:26 - getUsers called...
2021-12-30 15:12:00 DEBUG MainRestController:120 - getting all users
2021-12-30 15:12:00 INFO  AspectLogger:26 - getUsers called...
2021-12-30 15:12:01 DEBUG MainRestController:120 - getting all users
2021-12-30 15:12:01 INFO  AspectLogger:26 - getUsers called...
2021-12-30 15:12:01 DEBUG MainRestController:120 - getting all users
2021-12-30 15:12:01 INFO  AspectLogger:26 - getUsers called...
2021-12-30 15:12:03 DEBUG MainRestController:120 - getting all users
2021-12-30 15:12:03 INFO  AspectLogger:26 - getUsers called...
2021-12-30 15:12:03 DEBUG MainRestController:120 - getting all users
2021-12-30 15:12:03 INFO  AspectLogger:26 - getUsers called...
2021-12-30 15:12:04 DEBUG MainRestController:120 - getting all users
2021-12-30 15:12:04 INFO  AspectLogger:26 - getUsers called...
2021-12-30 15:12:04 DEBUG MainRestController:120 - getting all users
2021-12-30 15:12:04 INFO  AspectLogger:26 - getUsers called...
2021-12-30 15:12:21 INFO  AspectLogger:34 - isScooterExistByName called...
2021-12-30 15:12:30 INFO  AspectLogger:34 - isScooterExistByName called...
2021-12-30 15:12:30 INFO  AspectLogger:26 - isAuthorized called...
2021-12-30 15:12:30 INFO  AspectLogger:34 - createScooter called...
2021-12-30 15:12:31 INFO  AspectLogger:34 - getAllScootersForAdmin called...
2021-12-30 15:12:50 INFO  AspectLogger:34 - isScooterExistByName called...
2021-12-30 15:12:50 INFO  AspectLogger:26 - isAuthorized called...
2021-12-30 15:12:50 INFO  AspectLogger:34 - adminGetScooterByName called...
2021-12-30 15:12:50 INFO  AspectLogger:34 - updateScooter called...
2021-12-30 15:12:50 INFO  AspectLogger:34 - getAllScootersForAdmin called...
2021-12-30 15:12:55 INFO  AspectLogger:34 - isScooterExistByName called...
2021-12-30 15:12:55 INFO  AspectLogger:26 - isAuthorized called...
2021-12-30 15:13:02 INFO  AspectLogger:34 - isScooterExistByName called...
2021-12-30 15:13:02 INFO  AspectLogger:26 - isAuthorized called...
2021-12-30 15:13:02 INFO  AspectLogger:34 - adminGetScooterByName called...
2021-12-30 15:13:02 INFO  AspectLogger:34 - updateScooter called...
2021-12-30 15:13:02 INFO  AspectLogger:34 - getAllScootersForAdmin called...
2021-12-30 15:15:26 INFO  AspectLogger:26 - isAuthorized called...
2021-12-30 15:15:26 INFO  AspectLogger:26 - getUser called...
2021-12-30 15:15:26 DEBUG MainRestController:120 - getting all users
2021-12-30 15:15:26 INFO  AspectLogger:26 - getUsers called...
2021-12-30 15:15:26 INFO  AspectLogger:34 - getAllScootersForAdmin called...
2021-12-30 15:15:26 INFO  AspectLogger:42 - getAllByScooterExpirationDateLessThan called...
2021-12-30 15:15:33 INFO  AspectLogger:34 - adminGetScooterByName called...
2021-12-30 15:17:12 INFO  AspectLogger:34 - isScooterExistByName called...
2021-12-30 15:17:12 INFO  AspectLogger:26 - isAuthorized called...
2021-12-30 15:17:13 INFO  AspectLogger:34 - adminGetScooterByName called...
2021-12-30 15:17:13 INFO  AspectLogger:34 - updateScooter called...
2021-12-30 15:17:13 INFO  AspectLogger:34 - getAllScootersForAdmin called...
2021-12-30 15:17:18 INFO  AspectLogger:34 - isScooterExistByName called...
2021-12-30 15:17:18 INFO  AspectLogger:26 - isAuthorized called...
2021-12-30 15:17:20 INFO  AspectLogger:34 - isScooterExistByName called...
2021-12-30 15:17:20 INFO  AspectLogger:26 - isAuthorized called...
2021-12-30 15:17:20 INFO  AspectLogger:34 - adminGetScooterByName called...
2021-12-30 15:17:20 INFO  AspectLogger:42 - isUserRentExistByScooterId called...
2021-12-30 15:17:20 INFO  AspectLogger:34 - deleteScooterByNameA called...
2021-12-30 15:17:20 INFO  AspectLogger:34 - getAllScootersForAdmin called...
2021-12-30 15:17:25 INFO  AspectLogger:34 - isScooterExistByName called...
2021-12-30 15:17:25 INFO  AspectLogger:26 - isAuthorized called...
2021-12-30 15:17:25 INFO  AspectLogger:34 - createScooter called...
2021-12-30 15:17:25 INFO  AspectLogger:34 - getAllScootersForAdmin called...
2021-12-30 15:17:29 INFO  AspectLogger:34 - isScooterExistByName called...
2021-12-30 15:17:29 INFO  AspectLogger:26 - isAuthorized called...
2021-12-30 15:17:29 INFO  AspectLogger:34 - adminGetScooterByName called...
2021-12-30 15:17:29 INFO  AspectLogger:42 - isUserRentExistByScooterId called...
2021-12-30 15:17:29 INFO  AspectLogger:34 - deleteScooterByNameA called...
2021-12-30 15:17:29 INFO  AspectLogger:34 - getAllScootersForAdmin called...
2021-12-30 15:18:25 INFO  AspectLogger:26 - isAuthorized called...
2021-12-30 15:18:25 INFO  AspectLogger:26 - getUser called...
2021-12-30 15:18:25 DEBUG MainRestController:120 - getting all users
2021-12-30 15:18:25 INFO  AspectLogger:26 - getUsers called...
2021-12-30 15:18:25 INFO  AspectLogger:34 - getAllScootersForAdmin called...
2021-12-30 15:18:25 INFO  AspectLogger:42 - getAllByScooterExpirationDateLessThan called...
2021-12-30 15:18:38 DEBUG MainRestController:41 - enter to login user
2021-12-30 15:18:38 INFO  AspectLogger:26 - loginUser called...
2021-12-30 15:18:38 INFO  AspectLogger:26 - isAuthorized called...
2021-12-30 15:18:38 INFO  AspectLogger:26 - getUser called...
2021-12-30 15:18:38 DEBUG MainRestController:120 - getting all users
2021-12-30 15:18:38 INFO  AspectLogger:26 - getUsers called...
2021-12-30 15:18:38 INFO  AspectLogger:34 - getAllScootersForAdmin called...
2021-12-30 15:18:39 INFO  AspectLogger:42 - getAllByScooterExpirationDateLessThan called...
2021-12-30 15:18:55 INFO  AspectLogger:34 - isScooterExistByName called...
2021-12-30 15:18:55 INFO  AspectLogger:26 - isAuthorized called...
2021-12-30 15:18:55 INFO  AspectLogger:34 - createScooter called...
2021-12-30 15:18:55 INFO  AspectLogger:34 - getAllScootersForAdmin called...
2021-12-30 15:18:59 INFO  AspectLogger:34 - adminGetScooterByName called...
2021-12-30 15:19:01 INFO  AspectLogger:34 - isScooterExistByName called...
2021-12-30 15:19:01 INFO  AspectLogger:26 - isAuthorized called...
2021-12-30 15:19:01 INFO  AspectLogger:34 - adminGetScooterByName called...
2021-12-30 15:19:01 INFO  AspectLogger:42 - isUserRentExistByScooterId called...
2021-12-30 15:19:01 INFO  AspectLogger:34 - deleteScooterByNameA called...
2021-12-30 15:19:01 INFO  AspectLogger:34 - getAllScootersForAdmin called...
2021-12-30 15:20:55 INFO  AspectLogger:26 - isAuthorized called...
2021-12-30 15:20:55 INFO  AspectLogger:26 - getUser called...
2021-12-30 15:20:55 DEBUG MainRestController:120 - getting all users
2021-12-30 15:20:55 INFO  AspectLogger:26 - getUsers called...
2021-12-30 15:20:55 INFO  AspectLogger:34 - getAllScootersForAdmin called...
2021-12-30 15:20:56 INFO  AspectLogger:42 - getAllByScooterExpirationDateLessThan called...
2021-12-30 15:21:11 INFO  AspectLogger:34 - isScooterExistByName called...
2021-12-30 15:21:11 INFO  AspectLogger:26 - isAuthorized called...
2021-12-30 15:21:11 INFO  AspectLogger:34 - createScooter called...
2021-12-30 15:21:11 INFO  AspectLogger:34 - getAllScootersForAdmin called...
2021-12-30 15:21:14 INFO  AspectLogger:34 - isScooterExistByName called...
2021-12-30 15:21:14 INFO  AspectLogger:26 - isAuthorized called...
2021-12-30 15:21:14 INFO  AspectLogger:34 - adminGetScooterByName called...
2021-12-30 15:21:14 INFO  AspectLogger:42 - isUserRentExistByScooterId called...
2021-12-30 15:21:14 INFO  AspectLogger:34 - deleteScooterByNameA called...
2021-12-30 15:21:14 INFO  AspectLogger:34 - getAllScootersForAdmin called...
2021-12-30 15:25:53 INFO  AspectLogger:26 - getUser called...
2021-12-30 16:52:04 DEBUG MainRestController:41 - enter to login user
2021-12-30 16:52:04 INFO  AspectLogger:26 - loginUser called...
2021-12-30 16:52:04 INFO  AspectLogger:26 - isAuthorized called...
2021-12-30 16:52:04 INFO  AspectLogger:26 - getUser called...
2021-12-30 16:52:04 INFO  AspectLogger:34 - getAllScootersForUser called...
2021-12-30 16:52:05 INFO  AspectLogger:26 - getUser called...
2021-12-30 16:52:05 INFO  AspectLogger:42 - getAllByUserId called...
2021-12-30 16:52:29 DEBUG MainRestController:41 - enter to login user
2021-12-30 16:52:29 INFO  AspectLogger:26 - loginUser called...
2021-12-30 16:52:29 INFO  AspectLogger:26 - isAuthorized called...
2021-12-30 16:52:29 INFO  AspectLogger:26 - getUser called...
2021-12-30 16:52:29 DEBUG MainRestController:120 - getting all users
2021-12-30 16:52:29 INFO  AspectLogger:26 - getUsers called...
2021-12-30 16:52:29 INFO  AspectLogger:34 - getAllScootersForAdmin called...
2021-12-30 16:52:29 INFO  AspectLogger:42 - getAllByScooterExpirationDateLessThan called...
2021-12-30 16:52:32 DEBUG MainRestController:120 - getting all users
2021-12-30 16:52:32 INFO  AspectLogger:26 - getUsers called...
2021-12-30 16:52:32 DEBUG MainRestController:120 - getting all users
2021-12-30 16:52:32 INFO  AspectLogger:26 - getUsers called...
2021-12-30 16:52:33 DEBUG MainRestController:120 - getting all users
2021-12-30 16:52:33 INFO  AspectLogger:26 - getUsers called...
2021-12-30 16:52:33 DEBUG MainRestController:120 - getting all users
2021-12-30 16:52:33 INFO  AspectLogger:26 - getUsers called...
2021-12-30 16:52:37 INFO  AspectLogger:26 - isAuthorized called...
2021-12-30 16:52:37 INFO  AspectLogger:26 - getUser called...
2021-12-30 16:52:37 DEBUG MainRestController:120 - getting all users
2021-12-30 16:52:37 INFO  AspectLogger:26 - getUsers called...
2021-12-30 16:52:37 INFO  AspectLogger:34 - getAllScootersForAdmin called...
2021-12-30 16:52:37 INFO  AspectLogger:42 - getAllByScooterExpirationDateLessThan called...
2021-12-30 16:52:38 INFO  AspectLogger:26 - isAuthorized called...
2021-12-30 16:52:38 INFO  AspectLogger:26 - getUser called...
2021-12-30 16:52:38 DEBUG MainRestController:120 - getting all users
2021-12-30 16:52:38 INFO  AspectLogger:26 - getUsers called...
2021-12-30 16:52:38 INFO  AspectLogger:34 - getAllScootersForAdmin called...
2021-12-30 16:52:38 INFO  AspectLogger:42 - getAllByScooterExpirationDateLessThan called...
2021-12-30 16:52:39 INFO  AspectLogger:26 - isAuthorized called...
2021-12-30 16:52:39 INFO  AspectLogger:26 - getUser called...
2021-12-30 16:52:39 DEBUG MainRestController:120 - getting all users
2021-12-30 16:52:39 INFO  AspectLogger:26 - getUsers called...
2021-12-30 16:52:39 INFO  AspectLogger:34 - getAllScootersForAdmin called...
2021-12-30 16:52:39 INFO  AspectLogger:42 - getAllByScooterExpirationDateLessThan called...
2021-12-30 16:52:40 INFO  AspectLogger:26 - isAuthorized called...
2021-12-30 16:52:40 INFO  AspectLogger:26 - getUser called...
2021-12-30 16:52:41 DEBUG MainRestController:120 - getting all users
2021-12-30 16:52:41 INFO  AspectLogger:26 - getUsers called...
2021-12-30 16:52:41 INFO  AspectLogger:34 - getAllScootersForAdmin called...
2021-12-30 16:52:41 INFO  AspectLogger:42 - getAllByScooterExpirationDateLessThan called...
2021-12-30 16:59:04 DEBUG MainRestController:41 - enter to login user
2021-12-30 16:59:04 INFO  AspectLogger:26 - loginUser called...
2021-12-30 16:59:04 INFO  AspectLogger:26 - isAuthorized called...
2021-12-30 16:59:04 INFO  AspectLogger:26 - getUser called...
2021-12-30 16:59:04 INFO  AspectLogger:34 - getAllScootersForUser called...
2021-12-30 16:59:04 INFO  AspectLogger:26 - getUser called...
2021-12-30 16:59:04 INFO  AspectLogger:42 - getAllByUserId called...
2021-12-30 16:59:10 INFO  AspectLogger:26 - getUser called...
2021-12-30 16:59:10 INFO  AspectLogger:34 - userGetScooterByName called...
2021-12-30 16:59:28 INFO  AspectLogger:26 - getUser called...
2021-12-30 16:59:28 INFO  AspectLogger:42 - isUserRentExistByUserId called...
2021-12-30 16:59:28 INFO  AspectLogger:26 - isAuthorized called...
2021-12-30 16:59:28 INFO  AspectLogger:42 - createUserRent called...
2021-12-30 16:59:28 INFO  AspectLogger:26 - getUser called...
2021-12-30 16:59:29 INFO  AspectLogger:42 - getAllByUserId called...
2021-12-30 16:59:32 INFO  AspectLogger:26 - getUser called...
2021-12-30 16:59:32 INFO  AspectLogger:34 - userGetScooterByName called...
2021-12-30 16:59:39 INFO  AspectLogger:26 - getUser called...
2021-12-30 16:59:39 INFO  AspectLogger:34 - userGetScooterByName called...
2021-12-30 16:59:51 INFO  AspectLogger:34 - getAllScootersForUser called...
2021-12-30 17:00:02 INFO  AspectLogger:34 - getAllScootersForUser called...
2021-12-30 17:00:13 DEBUG MainRestController:41 - enter to login user
2021-12-30 17:00:13 INFO  AspectLogger:26 - loginUser called...
2021-12-30 17:00:14 INFO  AspectLogger:26 - isAuthorized called...
2021-12-30 17:00:14 INFO  AspectLogger:26 - getUser called...
2021-12-30 17:00:14 DEBUG MainRestController:120 - getting all users
2021-12-30 17:00:14 INFO  AspectLogger:26 - getUsers called...
2021-12-30 17:00:14 INFO  AspectLogger:34 - getAllScootersForAdmin called...
2021-12-30 17:00:14 INFO  AspectLogger:42 - getAllByScooterExpirationDateLessThan called...
2021-12-30 17:00:25 DEBUG MainRestController:120 - getting all users
2021-12-30 17:00:25 INFO  AspectLogger:26 - getUsers called...
2021-12-30 17:00:25 DEBUG MainRestController:120 - getting all users
2021-12-30 17:00:25 INFO  AspectLogger:26 - getUsers called...
2021-12-30 17:00:26 DEBUG MainRestController:120 - getting all users
2021-12-30 17:00:26 INFO  AspectLogger:26 - getUsers called...
2021-12-30 17:00:26 DEBUG MainRestController:120 - getting all users
2021-12-30 17:00:26 INFO  AspectLogger:26 - getUsers called...
2021-12-30 17:00:35 DEBUG MainRestController:120 - getting all users
2021-12-30 17:00:35 INFO  AspectLogger:26 - getUsers called...
2021-12-30 17:00:36 DEBUG MainRestController:120 - getting all users
2021-12-30 17:00:36 INFO  AspectLogger:26 - getUsers called...
2021-12-30 17:00:36 DEBUG MainRestController:120 - getting all users
2021-12-30 17:00:36 INFO  AspectLogger:26 - getUsers called...
2021-12-30 17:00:37 DEBUG MainRestController:120 - getting all users
2021-12-30 17:00:37 INFO  AspectLogger:26 - getUsers called...
2021-12-30 17:00:37 DEBUG MainRestController:120 - getting all users
2021-12-30 17:00:37 INFO  AspectLogger:26 - getUsers called...
2021-12-30 17:01:38 INFO  AspectLogger:34 - isScooterExistByName called...
2021-12-30 17:01:38 INFO  AspectLogger:26 - isAuthorized called...
2021-12-30 17:01:38 INFO  AspectLogger:34 - createScooter called...
2021-12-30 17:01:38 INFO  AspectLogger:34 - getAllScootersForAdmin called...
2021-12-30 17:01:40 INFO  AspectLogger:34 - adminGetScooterByName called...
2021-12-30 17:01:54 INFO  AspectLogger:34 - isScooterExistByName called...
2021-12-30 17:01:54 INFO  AspectLogger:26 - isAuthorized called...
2021-12-30 17:01:54 INFO  AspectLogger:34 - adminGetScooterByName called...
2021-12-30 17:01:54 INFO  AspectLogger:42 - isUserRentExistByScooterId called...
2021-12-30 17:01:54 INFO  AspectLogger:34 - deleteScooterByNameA called...
2021-12-30 17:01:54 INFO  AspectLogger:34 - getAllScootersForAdmin called...
